<?xml version="1.0" encoding="utf-8"?><testsuites name="pytest tests"><testsuite name="pytest" errors="0" failures="0" skipped="0" tests="8" time="4.792" timestamp="2026-03-12T17:44:16.196663+00:00" hostname="agent-env-fa821171-2339-41b0-bd2a-8c2867b8e8ff"><testcase classname="tests.test_bug_fixes_iter8.TestBugFix1_AutoResumeAfterBreak" name="test_break_endpoint_sets_break_end_time" time="0.614" /><testcase classname="tests.test_bug_fixes_iter8.TestBugFix1_AutoResumeAfterBreak" name="test_break_end_time_is_valid_iso_format" time="0.301" /><testcase classname="tests.test_bug_fixes_iter8.TestBugFix2_BreakCountdownDisplay" name="test_line_state_has_break_fields" time="0.410" /><testcase classname="tests.test_bug_fixes_iter8.TestBugFix3_SyncInterval" name="test_api_response_time" time="0.175" /><testcase classname="tests.test_bug_fixes_iter8.TestBugFix3_SyncInterval" name="test_websocket_endpoint_exists" time="0.160" /><testcase classname="tests.test_bug_fixes_iter8.TestRegressionTaktTimer" name="test_takt_continues_counting" time="2.254" /><testcase classname="tests.test_bug_fixes_iter8.TestRegressionTaktTimer" name="test_break_preserves_elapsed_seconds" time="0.370" /><testcase classname="tests.test_bug_fixes_iter8.TestRegressionBreakFromDashboardAndTV" name="test_break_endpoint_with_query_params" time="0.290" /></testsuite></testsuites>