<?xml version="1.0" encoding="utf-8"?><testsuites name="pytest tests"><testsuite name="pytest" errors="0" failures="2" skipped="0" tests="18" time="3.465" timestamp="2026-03-12T13:11:00.446743+00:00" hostname="agent-env-cb576499-4758-423b-bf49-38dc653f8c2e"><testcase classname="backend.tests.test_iteration6.TestApiHealth" name="test_api_root" time="0.187" /><testcase classname="backend.tests.test_iteration6.TestApiHealth" name="test_server_time" time="0.115" /><testcase classname="backend.tests.test_iteration6.TestSiteTimezone" name="test_get_sites_have_timezone" time="0.123" /><testcase classname="backend.tests.test_iteration6.TestSiteTimezone" name="test_create_site_with_timezone" time="0.404" /><testcase classname="backend.tests.test_iteration6.TestSiteTimezone" name="test_create_site_default_timezone" time="0.263" /><testcase classname="backend.tests.test_iteration6.TestSiteTimezone" name="test_update_site_timezone" time="0.464" /><testcase classname="backend.tests.test_iteration6.TestAutoStartCheck" name="test_auto_start_check_endpoint_exists" time="0.125" /><testcase classname="backend.tests.test_iteration6.TestAutoStartCheck" name="test_auto_start_check_returns_expected_fields_when_active" time="0.115" /><testcase classname="backend.tests.test_iteration6.TestAutoStartCheck" name="test_auto_start_check_line_without_auto_start" time="0.146" /><testcase classname="backend.tests.test_iteration6.TestAutoStartCheck" name="test_auto_start_check_invalid_line" time="0.102" /><testcase classname="backend.tests.test_iteration6.TestAutoStartEndpoint" name="test_auto_start_endpoint_exists" time="0.102" /><testcase classname="backend.tests.test_iteration6.TestAutoStartEndpoint" name="test_auto_start_returns_state_when_triggered" time="0.372" /><testcase classname="backend.tests.test_iteration6.TestAutoStartEndpoint" name="test_auto_start_invalid_line" time="0.208" /><testcase classname="backend.tests.test_iteration6.TestExistingLinesConfiguration" name="test_trady4_line_has_auto_start_enabled" time="0.142" /><testcase classname="backend.tests.test_iteration6.TestExistingLinesConfiguration" name="test_xdd_line_has_auto_start_disabled" time="0.132"><failure message="KeyError: 'auto_start_at_day_begin'">backend/tests/test_iteration6.py:230: in test_xdd_line_has_auto_start_disabled
    assert data['auto_start_at_day_begin'] == False, f"XDD should have auto_start=false, got {data.get('auto_start_at_day_begin')}"
           ^^^^^^^^^^^^^^^^^^^^^^^^^^^^^^^
E   KeyError: 'auto_start_at_day_begin'</failure></testcase><testcase classname="backend.tests.test_iteration6.TestExistingLinesConfiguration" name="test_trady4_team_schedule" time="0.104" /><testcase classname="backend.tests.test_iteration6.TestLinesAPI" name="test_get_all_lines" time="0.106"><failure message="AssertionError: assert 'auto_start_at_day_begin' in {'auto_resume_after_break': True, 'auto_resume_after_takt': True, 'breaks': [{'duration': 15, 'name': 'Pause Matin', 'start_time': '10:00'}, {'duration': 60, 'name': 'Pause Midi', 'start_time': '12:00'}, {'duration': 15, 'name': 'Pause Après-midi', 'start_time': '15:00'}], 'created_at': '2026-03-12T08:23:16.496668+00:00', ...}">backend/tests/test_iteration6.py:265: in test_get_all_lines
    assert 'auto_start_at_day_begin' in line
E   AssertionError: assert 'auto_start_at_day_begin' in {'auto_resume_after_break': True, 'auto_resume_after_takt': True, 'breaks': [{'duration': 15, 'name': 'Pause Matin', 'start_time': '10:00'}, {'duration': 60, 'name': 'Pause Midi', 'start_time': '12:00'}, {'duration': 15, 'name': 'Pause Après-midi', 'start_time': '15:00'}], 'created_at': '2026-03-12T08:23:16.496668+00:00', ...}</failure></testcase><testcase classname="backend.tests.test_iteration6.TestLinesAPI" name="test_get_single_line" time="0.107" /></testsuite></testsuites>