<?xml version="1.0" encoding="utf-8"?><testsuites name="pytest tests"><testsuite name="pytest" errors="0" failures="0" skipped="0" tests="10" time="2.899" timestamp="2026-03-12T14:16:38.626147+00:00" hostname="agent-env-cb576499-4758-423b-bf49-38dc653f8c2e"><testcase classname="backend.tests.test_iteration7.TestAPIHealth" name="test_api_root" time="0.228" /><testcase classname="backend.tests.test_iteration7.TestAPIHealth" name="test_server_time" time="0.210" /><testcase classname="backend.tests.test_iteration7.TestActiveTeamTaktDuration" name="test_get_all_lines" time="0.154" /><testcase classname="backend.tests.test_iteration7.TestActiveTeamTaktDuration" name="test_trady4_active_team_takt_duration" time="0.120" /><testcase classname="backend.tests.test_iteration7.TestActiveTeamTaktDuration" name="test_xdd_line_takt_duration" time="0.124" /><testcase classname="backend.tests.test_iteration7.TestBreakTriggerMode" name="test_break_config_model" time="0.378" /><testcase classname="backend.tests.test_iteration7.TestGlobalSoundAlerts" name="test_sound_alerts_at_line_level" time="0.112" /><testcase classname="backend.tests.test_iteration7.TestAutoResumeAfterTakt" name="test_auto_resume_after_takt_field" time="0.123" /><testcase classname="backend.tests.test_iteration7.TestAutoResumeAfterTakt" name="test_create_line_with_auto_resume_disabled" time="0.787" /><testcase classname="backend.tests.test_iteration7.TestNextTaktEndpoint" name="test_next_takt_endpoint_exists" time="0.501" /></testsuite></testsuites>