<?xml version="1.0" encoding="utf-8"?><testsuites name="pytest tests"><testsuite name="pytest" errors="0" failures="0" skipped="0" tests="21" time="3.830" timestamp="2026-03-12T12:37:23.875913+00:00" hostname="agent-env-cb576499-4758-423b-bf49-38dc653f8c2e"><testcase classname="backend.tests.test_takt_api.TestAPIHealth" name="test_api_root" time="0.228" /><testcase classname="backend.tests.test_takt_api.TestAPIHealth" name="test_server_time" time="0.115" /><testcase classname="backend.tests.test_takt_api.TestLinesAPI" name="test_get_lines" time="0.121" /><testcase classname="backend.tests.test_takt_api.TestLinesAPI" name="test_get_trady4_line" time="0.132" /><testcase classname="backend.tests.test_takt_api.TestLinesAPI" name="test_trady4_schedule_from_shift_organization" time="0.111" /><testcase classname="backend.tests.test_takt_api.TestLinesAPI" name="test_xdd_schedule_from_shift_organization" time="0.280" /><testcase classname="backend.tests.test_takt_api.TestAutoStartAtDayBegin" name="test_auto_start_field_exists" time="0.133" /><testcase classname="backend.tests.test_takt_api.TestAutoStartAtDayBegin" name="test_auto_start_can_be_updated" time="0.115" /><testcase classname="backend.tests.test_takt_api.TestAutoStartAtDayBegin" name="test_auto_start_persists" time="0.268" /><testcase classname="backend.tests.test_takt_api.TestAutoStartAtDayBegin" name="test_auto_start_can_be_disabled" time="0.127" /><testcase classname="backend.tests.test_takt_api.TestTaktDurationRange" name="test_takt_duration_min_value" time="0.234" /><testcase classname="backend.tests.test_takt_api.TestTaktDurationRange" name="test_takt_duration_max_value" time="0.248" /><testcase classname="backend.tests.test_takt_api.TestTaktDurationRange" name="test_restore_original_takt_duration" time="0.238" /><testcase classname="backend.tests.test_takt_api.TestAutoResumeAfterTakt" name="test_auto_resume_field_exists" time="0.143" /><testcase classname="backend.tests.test_takt_api.TestAutoResumeAfterTakt" name="test_auto_resume_can_be_toggled" time="0.338" /><testcase classname="backend.tests.test_takt_api.TestTaktControls" name="test_start_takt" time="0.235" /><testcase classname="backend.tests.test_takt_api.TestTaktControls" name="test_pause_takt" time="0.108" /><testcase classname="backend.tests.test_takt_api.TestTaktControls" name="test_resume_takt" time="0.129" /><testcase classname="backend.tests.test_takt_api.TestTaktControls" name="test_next_takt" time="0.155" /><testcase classname="backend.tests.test_takt_api.TestTaktControls" name="test_stop_takt" time="0.104" /><testcase classname="backend.tests.test_takt_api.TestCleanup" name="test_restore_trady4_auto_start" time="0.125" /></testsuite></testsuites>